Vivado Simulator 2020.1
Time resolution is 1 ps
End of one period. PMW_O = 0, period_lenght = 14 and i_limit-1 = 14
End of one period. PMW_O = 0, period_lenght = 14 and i_limit-1 = 14
End of one period. PMW_O = 0, period_lenght = 14 and i_limit-1 = 14
End of one period. PMW_O = 0, period_lenght = 14 and i_limit-1 = 14
End of one period. PMW_O = 0, period_lenght = 14 and i_limit-1 = 14
End of one period. PMW_O = 0, period_lenght = 14 and i_limit-1 = 14
End of one period. PMW_O = 0, period_lenght = 14 and i_limit-1 = 14
End of one period. PMW_O = 0, period_lenght = 14 and i_limit-1 = 14
End of one period. PMW_O = 0, period_lenght = 14 and i_limit-1 = 14
End of one period. PMW_O = 0, period_lenght = 14 and i_limit-1 = 14
End of one period. PMW_O = 0, period_lenght = 14 and i_limit-1 = 14
End of one period. PMW_O = 0, period_lenght = 14 and i_limit-1 = 14
End of one period. PMW_O = 0, period_lenght = 14 and i_limit-1 = 14
End of i_mode. pulse_counter =  5 and i_n =  5
End of one period. PMW_O = 0, period_lenght = 14 and i_limit-1 = 14
End of one period. PMW_O = 0, period_lenght = 14 and i_limit-1 = 14
End of one period. PMW_O = 0, period_lenght = 14 and i_limit-1 = 14
End of one period. PMW_O = 0, period_lenght = 14 and i_limit-1 = 14
End of one period. PMW_O = 0, period_lenght = 14 and i_limit-1 = 14
End of one period. PMW_O = 0, period_lenght = 14 and i_limit-1 = 14
End of one period. PMW_O = 0, period_lenght = 14 and i_limit-1 = 14
End of one period. PMW_O = 0, period_lenght = 14 and i_limit-1 = 14
End of one period. PMW_O = 0, period_lenght = 14 and i_limit-1 = 14
End of one period. PMW_O = 0, period_lenght = 14 and i_limit-1 = 14
End of one period. PMW_O = 0, period_lenght = 14 and i_limit-1 = 14
End of one period. PMW_O = 0, period_lenght = 14 and i_limit-1 = 14
End of one period. PMW_O = 0, period_lenght = 14 and i_limit-1 = 14
End of one period. PMW_O = 0, period_lenght = 14 and i_limit-1 = 14
End of one period. PMW_O = 0, period_lenght = 14 and i_limit-1 = 14
End of one period. PMW_O = 0, period_lenght = 14 and i_limit-1 = 14
End of one period. PMW_O = 0, period_lenght = 14 and i_limit-1 = 14
End of one period. PMW_O = 0, period_lenght = 14 and i_limit-1 = 14
End of one period. PMW_O = 0, period_lenght = 14 and i_limit-1 = 14
End of one period. PMW_O = 0, period_lenght = 14 and i_limit-1 = 14
End of one period. PMW_O = 0, period_lenght = 14 and i_limit-1 = 14
End of one period. PMW_O = 0, period_lenght = 14 and i_limit-1 = 14
End of one period. PMW_O = 0, period_lenght = 14 and i_limit-1 = 14
End of one period. PMW_O = 0, period_lenght = 14 and i_limit-1 = 14
End of one period. PMW_O = 0, period_lenght = 14 and i_limit-1 = 14
End of one period. PMW_O = 0, period_lenght = 14 and i_limit-1 = 14
End of one period. PMW_O = 0, period_lenght = 14 and i_limit-1 = 14
End of one period. PMW_O = 0, period_lenght = 14 and i_limit-1 = 14
End of one period. PMW_O = 0, period_lenght = 14 and i_limit-1 = 14
End of one period. PMW_O = 0, period_lenght = 14 and i_limit-1 = 14
End of one period. PMW_O = 0, period_lenght = 14 and i_limit-1 = 14
End of one period. PMW_O = 0, period_lenght = 14 and i_limit-1 = 14
End of one period. PMW_O = 0, period_lenght = 14 and i_limit-1 = 14
End of one period. PMW_O = 0, period_lenght = 14 and i_limit-1 = 14
End of one period. PMW_O = 0, period_lenght = 14 and i_limit-1 = 14
End of one period. PMW_O = 0, period_lenght = 14 and i_limit-1 = 14
End of one period. PMW_O = 0, period_lenght = 14 and i_limit-1 = 14
End of one period. PMW_O = 0, period_lenght = 14 and i_limit-1 = 14
End of one period. PMW_O = 0, period_lenght = 14 and i_limit-1 = 14
End of one period. PMW_O = 0, period_lenght = 14 and i_limit-1 = 14
$finish called at time : 8531 ns : File "C:/STM1/DE_c/Lab4/PWM_proj_v19/PWM_proj_v19/PWM_proj_v19.srcs/sim_1/new/generator_tb.sv" Line 164
